[29-Jun-2026 03:09:56 UTC] Farm Fresh Chatbot: Widget class not found. Please check widget.php file.
[29-Jun-2026 03:10:01 UTC] Farm Fresh Chatbot: Widget class not found. Please check widget.php file.
[29-Jun-2026 03:10:05 UTC] Farm Fresh Chatbot: Widget class not found. Please check widget.php file.
[29-Jun-2026 03:10:06 UTC] Farm Fresh Chatbot: Widget class not found. Please check widget.php file.
[29-Jun-2026 03:10:10 UTC] Farm Fresh Chatbot: Widget class not found. Please check widget.php file.
[29-Jun-2026 03:10:14 UTC] Farm Fresh Chatbot: Widget class not found. Please check widget.php file.
[29-Jun-2026 03:10:19 UTC] Farm Fresh Chatbot: Widget class not found. Please check widget.php file.
[29-Jun-2026 03:10:23 UTC] Farm Fresh Chatbot: Widget class not found. Please check widget.php file.
[29-Jun-2026 03:10:27 UTC] Farm Fresh Chatbot: Widget class not found. Please check widget.php file.
[29-Jun-2026 03:10:29 UTC] Farm Fresh Chatbot: Widget class not found. Please check widget.php file.
[29-Jun-2026 03:10:35 UTC] Farm Fresh Chatbot: Widget class not found. Please check widget.php file.
[29-Jun-2026 03:10:36 UTC] === LOGIN REQUEST ===
[29-Jun-2026 03:10:36 UTC] Email: lynguyenquochung22122003@gmail.com
[29-Jun-2026 03:10:36 UTC] User found ID: 6
[29-Jun-2026 03:10:36 UTC] LOGIN SUCCESS
[29-Jun-2026 03:10:36 UTC] Array
(
    [id] => 6
    [username] => 123
    [email] => lynguyenquochung22122003@gmail.com
    [wp_user_id] => 4
)

[29-Jun-2026 03:10:36 UTC] Array
(
    [0] => customer
)

[29-Jun-2026 03:10:39 UTC] Farm Fresh Chatbot: Widget class not found. Please check widget.php file.
[29-Jun-2026 03:10:43 UTC] Farm Fresh Chatbot: Widget class not found. Please check widget.php file.
[29-Jun-2026 03:10:44 UTC] Farm Fresh Chatbot: Widget class not found. Please check widget.php file.
[29-Jun-2026 03:10:48 UTC] Farm Fresh Chatbot: Widget class not found. Please check widget.php file.
[29-Jun-2026 03:10:50 UTC] Farm Fresh Chatbot: Widget class not found. Please check widget.php file.
[29-Jun-2026 03:10:54 UTC] Farm Fresh Chatbot: Widget class not found. Please check widget.php file.
[29-Jun-2026 03:10:58 UTC] Farm Fresh Chatbot: Widget class not found. Please check widget.php file.
[29-Jun-2026 03:11:04 UTC] Farm Fresh Chatbot: Widget class not found. Please check widget.php file.
[29-Jun-2026 03:11:06 UTC] Farm Fresh Chatbot: Widget class not found. Please check widget.php file.
[29-Jun-2026 03:11:09 UTC] Farm Fresh Chatbot: Widget class not found. Please check widget.php file.
